Cache Directory set to: /workspace/urbansim_cache/durham_zone/base_year_data
Start simulation run: started on Sat Feb 20 11:51:26 2010
    random seed = 0
    Starting simulation for year 2000: started on Sat Feb 20 11:51:26 2010    Starting simulation for year 2000: completed.........................0.1 sec
Start simulation run: completed..........................................0.1 sec
Cache Directory set to: /workspace/urbansim_cache/durham_zone/base_year_data
Start simulation run: started on Sat Feb 20 11:52:19 2010
    random seed = 0
    Starting simulation for year 2000: started on Sat Feb 20 11:52:19 2010    Starting simulation for year 2000: completed.........................4.4 sec
Start simulation run: completed..........................................4.4 sec
Cache Directory set to: /workspace/urbansim_cache/durham_zone/base_year_data
Start simulation run: started on Sat Feb 20 11:52:37 2010
    random seed = 0
    Starting simulation for year 2000: started on Sat Feb 20 11:52:37 2010    Starting simulation for year 2000: completed.........................0.1 sec
Start simulation run: completed..........................................0.1 sec
Cache Directory set to: /workspace/urbansim_cache/durham_zone/base_year_data
Start simulation run: started on Sat Feb 20 11:59:09 2010
    random seed = 0
    Starting simulation for year 2000: started on Sat Feb 20 11:59:09 2010    Starting simulation for year 2000: completed.........................0.1 sec
Start simulation run: completed..........................................0.1 sec
Cache Directory set to: /workspace/urbansim_cache/durham_zone/base_year_data
Start simulation run: started on Sat Feb 20 12:01:06 2010
    random seed = 0
    Starting simulation for year 2000: started on Sat Feb 20 12:01:06 2010    Starting simulation for year 2000: completed.........................8.4 sec
Start simulation run: completed..........................................8.4 sec
Cache Directory set to: /workspace/urbansim_cache/durham_zone/base_year_data
Start simulation run: started on Mon Apr  5 23:02:04 2010
    random seed = 0
    Starting simulation for year 2000: started on Mon Apr  5 23:02:04 2010    Starting simulation for year 2000: completed........................10.4 sec
Start simulation run: completed.........................................10.4 sec
Cache Directory set to: /workspace/urbansim_cache/durham_zone/base_year_data
Start simulation run: started on Mon Apr  5 23:03:57 2010
    random seed = 0
    Starting simulation for year 2000: started on Mon Apr  5 23:03:57 2010    Starting simulation for year 2000: completed........................10.7 sec
Start simulation run: completed.........................................10.7 sec
Cache Directory set to: /workspace/urbansim_cache/durham_zone/base_year_data
Start simulation run: started on Mon Apr  5 23:04:19 2010
    random seed = 0
    Starting simulation for year 2000: started on Mon Apr  5 23:04:19 2010    Starting simulation for year 2000: completed.........................0.1 sec
Start simulation run: completed..........................................0.1 sec
Cache Directory set to: /workspace/urbansim_cache/durham_zone/base_year_data
Start simulation run: started on Mon Apr  5 23:05:37 2010
    random seed = 0
    Starting simulation for year 2000: started on Mon Apr  5 23:05:37 2010    Starting simulation for year 2000: completed........................11.5 sec
Start simulation run: completed.........................................11.5 sec
